{"C:\\Users\\SoftwareDev\\Desktop\\github-repos\\kubic-iq\\src\\App.tsx": {"path":"C:\\Users\\SoftwareDev\\Desktop\\github-repos\\kubic-iq\\src\\App.tsx","statementMap":{"0":{"start":{"line":9,"column":18},"end":{"line":46,"column":1}},"1":{"start":{"line":10,"column":30},"end":{"line":10,"column":39}},"2":{"start":{"line":12,"column":2},"end":{"line":14,"column":3}},"3":{"start":{"line":13,"column":4},"end":{"line":13,"column":23}},"4":{"start":{"line":16,"column":2},"end":{"line":45,"column":4}},"5":{"start":{"line":48,"column":19},"end":{"line":56,"column":1}},"6":{"start":{"line":49,"column":2},"end":{"line":55,"column":4}}},"fnMap":{"0":{"name":"(anonymous_0)","decl":{"start":{"line":9,"column":18},"end":{"line":9,"column":19}},"loc":{"start":{"line":9,"column":24},"end":{"line":46,"column":1}},"line":9},"1":{"name":"(anonymous_1)","decl":{"start":{"line":48,"column":19},"end":{"line":48,"column":20}},"loc":{"start":{"line":48,"column":25},"end":{"line":56,"column":1}},"line":48}},"branchMap":{"0":{"loc":{"start":{"line":12,"column":2},"end":{"line":14,"column":3}},"type":"if","locations":[{"start":{"line":12,"column":2},"end":{"line":14,"column":3}},{"start":{},"end":{}}],"line":12},"1":{"loc":{"start":{"line":22,"column":12},"end":{"line":26,"column":13}},"type":"cond-expr","locations":[{"start":{"line":23,"column":14},"end":{"line":23,"column":50}},{"start":{"line":25,"column":14},"end":{"line":25,"column":27}}],"line":22},"2":{"loc":{"start":{"line":32,"column":12},"end":{"line":36,"column":13}},"type":"cond-expr","locations":[{"start":{"line":33,"column":14},"end":{"line":33,"column":27}},{"start":{"line":35,"column":14},"end":{"line":35,"column":46}}],"line":32},"3":{"loc":{"start":{"line":41,"column":33},"end":{"line":41,"column":63}},"type":"cond-expr","locations":[{"start":{"line":41,"column":40},"end":{"line":41,"column":52}},{"start":{"line":41,"column":55},"end":{"line":41,"column":63}}],"line":41}},"s":{"0":0,"1":0,"2":0,"3":0,"4":0,"5":0,"6":0},"f":{"0":0,"1":0},"b":{"0":[0,0],"1":[0,0],"2":[0,0],"3":[0,0]}}
,"C:\\Users\\SoftwareDev\\Desktop\\github-repos\\kubic-iq\\src\\setupTests.ts": {"path":"C:\\Users\\SoftwareDev\\Desktop\\github-repos\\kubic-iq\\src\\setupTests.ts","statementMap":{"0":{"start":{"line":6,"column":0},"end":{"line":6,"column":38}},"1":{"start":{"line":9,"column":0},"end":{"line":22,"column":2}},"2":{"start":{"line":10,"column":34},"end":{"line":10,"column":38}},"3":{"start":{"line":11,"column":32},"end":{"line":11,"column":37}},"4":{"start":{"line":12,"column":47},"end":{"line":12,"column":50}},"5":{"start":{"line":20,"column":4},"end":{"line":20,"column":14}},"6":{"start":{"line":25,"column":0},"end":{"line":37,"column":3}},"7":{"start":{"line":27,"column":48},"end":{"line":36,"column":3}}},"fnMap":{"0":{"name":"(anonymous_0)","decl":{"start":{"line":14,"column":2},"end":{"line":14,"column":3}},"loc":{"start":{"line":14,"column":62},"end":{"line":14,"column":64}},"line":14},"1":{"name":"(anonymous_1)","decl":{"start":{"line":16,"column":2},"end":{"line":16,"column":3}},"loc":{"start":{"line":16,"column":33},"end":{"line":16,"column":35}},"line":16},"2":{"name":"(anonymous_2)","decl":{"start":{"line":17,"column":2},"end":{"line":17,"column":3}},"loc":{"start":{"line":17,"column":35},"end":{"line":17,"column":37}},"line":17},"3":{"name":"(anonymous_3)","decl":{"start":{"line":18,"column":2},"end":{"line":18,"column":3}},"loc":{"start":{"line":18,"column":21},"end":{"line":18,"column":23}},"line":18},"4":{"name":"(anonymous_4)","decl":{"start":{"line":19,"column":2},"end":{"line":19,"column":3}},"loc":{"start":{"line":19,"column":45},"end":{"line":21,"column":3}},"line":19},"5":{"name":"(anonymous_5)","decl":{"start":{"line":27,"column":38},"end":{"line":27,"column":39}},"loc":{"start":{"line":27,"column":48},"end":{"line":36,"column":3}},"line":27}},"branchMap":{},"s":{"0":0,"1":0,"2":0,"3":0,"4":0,"5":0,"6":0,"7":0},"f":{"0":0,"1":0,"2":0,"3":0,"4":0,"5":0},"b":{}}
,"C:\\Users\\SoftwareDev\\Desktop\\github-repos\\kubic-iq\\src\\components\\Badge\\Badge.tsx": {"path":"C:\\Users\\SoftwareDev\\Desktop\\github-repos\\kubic-iq\\src\\components\\Badge\\Badge.tsx","statementMap":{"0":{"start":{"line":8,"column":21},"end":{"line":23,"column":1}},"1":{"start":{"line":9,"column":2},"end":{"line":22,"column":4}}},"fnMap":{"0":{"name":"(anonymous_0)","decl":{"start":{"line":8,"column":21},"end":{"line":8,"column":22}},"loc":{"start":{"line":8,"column":67},"end":{"line":23,"column":1}},"line":8}},"branchMap":{"0":{"loc":{"start":{"line":8,"column":24},"end":{"line":8,"column":38}},"type":"default-arg","locations":[{"start":{"line":8,"column":33},"end":{"line":8,"column":38}}],"line":8},"1":{"loc":{"start":{"line":10,"column":39},"end":{"line":10,"column":79}},"type":"cond-expr","locations":[{"start":{"line":10,"column":48},"end":{"line":10,"column":61}},{"start":{"line":10,"column":64},"end":{"line":10,"column":79}}],"line":10},"2":{"loc":{"start":{"line":11,"column":7},"end":{"line":19,"column":7}},"type":"cond-expr","locations":[{"start":{"line":12,"column":8},"end":{"line":14,"column":14}},{"start":{"line":16,"column":8},"end":{"line":18,"column":14}}],"line":11}},"s":{"0":0,"1":0},"f":{"0":0},"b":{"0":[0],"1":[0,0],"2":[0,0]}}
,"C:\\Users\\SoftwareDev\\Desktop\\github-repos\\kubic-iq\\src\\components\\CloudDivider\\CloudDivider.tsx": {"path":"C:\\Users\\SoftwareDev\\Desktop\\github-repos\\kubic-iq\\src\\components\\CloudDivider\\CloudDivider.tsx","statementMap":{"0":{"start":{"line":3,"column":28},"end":{"line":20,"column":1}},"1":{"start":{"line":4,"column":2},"end":{"line":19,"column":8}}},"fnMap":{"0":{"name":"(anonymous_0)","decl":{"start":{"line":3,"column":28},"end":{"line":3,"column":29}},"loc":{"start":{"line":4,"column":2},"end":{"line":19,"column":8}},"line":4}},"branchMap":{},"s":{"0":0,"1":0},"f":{"0":0},"b":{}}
,"C:\\Users\\SoftwareDev\\Desktop\\github-repos\\kubic-iq\\src\\components\\Dashboard\\Dashboard.tsx": {"path":"C:\\Users\\SoftwareDev\\Desktop\\github-repos\\kubic-iq\\src\\components\\Dashboard\\Dashboard.tsx","statementMap":{"0":{"start":{"line":6,"column":25},"end":{"line":36,"column":1}},"1":{"start":{"line":7,"column":27},"end":{"line":7,"column":36}},"2":{"start":{"line":8,"column":34},"end":{"line":8,"column":45}},"3":{"start":{"line":10,"column":2},"end":{"line":16,"column":27}},"4":{"start":{"line":12,"column":18},"end":{"line":14,"column":11}},"5":{"start":{"line":13,"column":6},"end":{"line":13,"column":43}},"6":{"start":{"line":15,"column":4},"end":{"line":15,"column":37}},"7":{"start":{"line":15,"column":17},"end":{"line":15,"column":36}},"8":{"start":{"line":18,"column":2},"end":{"line":18,"column":25}},"9":{"start":{"line":18,"column":13},"end":{"line":18,"column":25}},"10":{"start":{"line":20,"column":2},"end":{"line":35,"column":4}}},"fnMap":{"0":{"name":"(anonymous_0)","decl":{"start":{"line":6,"column":25},"end":{"line":6,"column":26}},"loc":{"start":{"line":6,"column":31},"end":{"line":36,"column":1}},"line":6},"1":{"name":"(anonymous_1)","decl":{"start":{"line":10,"column":12},"end":{"line":10,"column":13}},"loc":{"start":{"line":10,"column":18},"end":{"line":16,"column":3}},"line":10},"2":{"name":"(anonymous_2)","decl":{"start":{"line":12,"column":29},"end":{"line":12,"column":30}},"loc":{"start":{"line":12,"column":35},"end":{"line":14,"column":5}},"line":12},"3":{"name":"(anonymous_3)","decl":{"start":{"line":15,"column":11},"end":{"line":15,"column":12}},"loc":{"start":{"line":15,"column":17},"end":{"line":15,"column":36}},"line":15}},"branchMap":{"0":{"loc":{"start":{"line":13,"column":18},"end":{"line":13,"column":41}},"type":"binary-expr","locations":[{"start":{"line":13,"column":18},"end":{"line":13,"column":36}},{"start":{"line":13,"column":40},"end":{"line":13,"column":41}}],"line":13},"1":{"loc":{"start":{"line":18,"column":2},"end":{"line":18,"column":25}},"type":"if","locations":[{"start":{"line":18,"column":2},"end":{"line":18,"column":25}},{"start":{},"end":{}}],"line":18}},"s":{"0":0,"1":0,"2":0,"3":0,"4":0,"5":0,"6":0,"7":0,"8":0,"9":0,"10":0},"f":{"0":0,"1":0,"2":0,"3":0},"b":{"0":[0,0],"1":[0,0]}}
,"C:\\Users\\SoftwareDev\\Desktop\\github-repos\\kubic-iq\\src\\components\\ErrorBoundary\\ErrorBoundary.tsx": {"path":"C:\\Users\\SoftwareDev\\Desktop\\github-repos\\kubic-iq\\src\\components\\ErrorBoundary\\ErrorBoundary.tsx","statementMap":{"0":{"start":{"line":16,"column":4},"end":{"line":16,"column":17}},"1":{"start":{"line":17,"column":4},"end":{"line":17,"column":37}},"2":{"start":{"line":21,"column":4},"end":{"line":21,"column":37}},"3":{"start":{"line":26,"column":4},"end":{"line":26,"column":65}},"4":{"start":{"line":30,"column":4},"end":{"line":43,"column":5}},"5":{"start":{"line":31,"column":6},"end":{"line":42,"column":8}},"6":{"start":{"line":36,"column":27},"end":{"line":36,"column":61}},"7":{"start":{"line":45,"column":4},"end":{"line":45,"column":31}}},"fnMap":{"0":{"name":"(anonymous_0)","decl":{"start":{"line":15,"column":2},"end":{"line":15,"column":3}},"loc":{"start":{"line":15,"column":28},"end":{"line":18,"column":3}},"line":15},"1":{"name":"(anonymous_1)","decl":{"start":{"line":20,"column":2},"end":{"line":20,"column":3}},"loc":{"start":{"line":20,"column":55},"end":{"line":22,"column":3}},"line":20},"2":{"name":"(anonymous_2)","decl":{"start":{"line":24,"column":2},"end":{"line":24,"column":3}},"loc":{"start":{"line":24,"column":62},"end":{"line":27,"column":3}},"line":24},"3":{"name":"(anonymous_3)","decl":{"start":{"line":29,"column":2},"end":{"line":29,"column":3}},"loc":{"start":{"line":29,"column":11},"end":{"line":46,"column":3}},"line":29},"4":{"name":"(anonymous_4)","decl":{"start":{"line":36,"column":21},"end":{"line":36,"column":22}},"loc":{"start":{"line":36,"column":27},"end":{"line":36,"column":61}},"line":36}},"branchMap":{"0":{"loc":{"start":{"line":30,"column":4},"end":{"line":43,"column":5}},"type":"if","locations":[{"start":{"line":30,"column":4},"end":{"line":43,"column":5}},{"start":{},"end":{}}],"line":30},"1":{"loc":{"start":{"line":31,"column":13},"end":{"line":42,"column":7}},"type":"binary-expr","locations":[{"start":{"line":31,"column":13},"end":{"line":31,"column":32}},{"start":{"line":32,"column":8},"end":{"line":41,"column":14}}],"line":31}},"s":{"0":8,"1":7,"2":8,"3":4,"4":17,"5":8,"6":1,"7":9},"f":{"0":8,"1":8,"2":4,"3":17,"4":1},"b":{"0":[8,9],"1":[8,6]},"_coverageSchema":"1a1c01bbd47fc00a2c39e90264f33305004495a9","hash":"680563ce7917ce25dba83b34bdeee4d990c9d2cd"}
,"C:\\Users\\SoftwareDev\\Desktop\\github-repos\\kubic-iq\\src\\components\\HexagonScore\\HexagonScore.tsx": {"path":"C:\\Users\\SoftwareDev\\Desktop\\github-repos\\kubic-iq\\src\\components\\HexagonScore\\HexagonScore.tsx","statementMap":{"0":{"start":{"line":10,"column":28},"end":{"line":36,"column":1}},"1":{"start":{"line":11,"column":2},"end":{"line":35,"column":4}}},"fnMap":{"0":{"name":"(anonymous_0)","decl":{"start":{"line":10,"column":28},"end":{"line":10,"column":29}},"loc":{"start":{"line":10,"column":99},"end":{"line":36,"column":1}},"line":10}},"branchMap":{"0":{"loc":{"start":{"line":10,"column":31},"end":{"line":10,"column":42}},"type":"default-arg","locations":[{"start":{"line":10,"column":39},"end":{"line":10,"column":42}}],"line":10},"1":{"loc":{"start":{"line":10,"column":44},"end":{"line":10,"column":58}},"type":"default-arg","locations":[{"start":{"line":10,"column":55},"end":{"line":10,"column":58}}],"line":10},"2":{"loc":{"start":{"line":10,"column":60},"end":{"line":10,"column":73}},"type":"default-arg","locations":[{"start":{"line":10,"column":69},"end":{"line":10,"column":73}}],"line":10},"3":{"loc":{"start":{"line":15,"column":11},"end":{"line":24,"column":11}},"type":"cond-expr","locations":[{"start":{"line":16,"column":12},"end":{"line":18,"column":18}},{"start":{"line":20,"column":12},"end":{"line":23,"column":18}}],"line":15},"4":{"loc":{"start":{"line":28,"column":9},"end":{"line":32,"column":9}},"type":"cond-expr","locations":[{"start":{"line":29,"column":10},"end":{"line":29,"column":73}},{"start":{"line":31,"column":10},"end":{"line":31,"column":56}}],"line":28}},"s":{"0":0,"1":0},"f":{"0":0},"b":{"0":[0],"1":[0],"2":[0],"3":[0,0],"4":[0,0]}}
,"C:\\Users\\SoftwareDev\\Desktop\\github-repos\\kubic-iq\\src\\components\\Loading\\Loading.tsx": {"path":"C:\\Users\\SoftwareDev\\Desktop\\github-repos\\kubic-iq\\src\\components\\Loading\\Loading.tsx","statementMap":{"0":{"start":{"line":7,"column":23},"end":{"line":14,"column":1}},"1":{"start":{"line":8,"column":2},"end":{"line":13,"column":4}}},"fnMap":{"0":{"name":"(anonymous_0)","decl":{"start":{"line":7,"column":23},"end":{"line":7,"column":24}},"loc":{"start":{"line":7,"column":69},"end":{"line":14,"column":1}},"line":7}},"branchMap":{"0":{"loc":{"start":{"line":7,"column":26},"end":{"line":7,"column":48}},"type":"default-arg","locations":[{"start":{"line":7,"column":36},"end":{"line":7,"column":48}}],"line":7}},"s":{"0":2,"1":3},"f":{"0":3},"b":{"0":[2]},"_coverageSchema":"1a1c01bbd47fc00a2c39e90264f33305004495a9","hash":"4048bfe741aae53067d49e5e501493ca6e9a1529"}
,"C:\\Users\\SoftwareDev\\Desktop\\github-repos\\kubic-iq\\src\\components\\LoginForm\\LoginForm.tsx": {"path":"C:\\Users\\SoftwareDev\\Desktop\\github-repos\\kubic-iq\\src\\components\\LoginForm\\LoginForm.tsx","statementMap":{"0":{"start":{"line":5,"column":25},"end":{"line":126,"column":1}},"1":{"start":{"line":6,"column":38},"end":{"line":6,"column":47}},"2":{"start":{"line":7,"column":28},"end":{"line":7,"column":40}},"3":{"start":{"line":8,"column":34},"end":{"line":8,"column":46}},"4":{"start":{"line":9,"column":42},"end":{"line":9,"column":57}},"5":{"start":{"line":11,"column":23},"end":{"line":18,"column":3}},"6":{"start":{"line":12,"column":4},"end":{"line":12,"column":23}},"7":{"start":{"line":13,"column":4},"end":{"line":17,"column":5}},"8":{"start":{"line":14,"column":6},"end":{"line":14,"column":35}},"9":{"start":{"line":20,"column":35},"end":{"line":22,"column":3}},"10":{"start":{"line":21,"column":4},"end":{"line":21,"column":35}},"11":{"start":{"line":23,"column":2},"end":{"line":125,"column":4}},"12":{"start":{"line":64,"column":33},"end":{"line":64,"column":57}},"13":{"start":{"line":78,"column":35},"end":{"line":78,"column":62}}},"fnMap":{"0":{"name":"(anonymous_0)","decl":{"start":{"line":5,"column":25},"end":{"line":5,"column":26}},"loc":{"start":{"line":5,"column":31},"end":{"line":126,"column":1}},"line":5},"1":{"name":"(anonymous_1)","decl":{"start":{"line":11,"column":23},"end":{"line":11,"column":24}},"loc":{"start":{"line":11,"column":47},"end":{"line":18,"column":3}},"line":11},"2":{"name":"(anonymous_2)","decl":{"start":{"line":20,"column":35},"end":{"line":20,"column":36}},"loc":{"start":{"line":20,"column":41},"end":{"line":22,"column":3}},"line":20},"3":{"name":"(anonymous_3)","decl":{"start":{"line":64,"column":26},"end":{"line":64,"column":27}},"loc":{"start":{"line":64,"column":33},"end":{"line":64,"column":57}},"line":64},"4":{"name":"(anonymous_4)","decl":{"start":{"line":78,"column":28},"end":{"line":78,"column":29}},"loc":{"start":{"line":78,"column":35},"end":{"line":78,"column":62}},"line":78}},"branchMap":{"0":{"loc":{"start":{"line":53,"column":25},"end":{"line":55,"column":11}},"type":"binary-expr","locations":[{"start":{"line":53,"column":25},"end":{"line":53,"column":30}},{"start":{"line":54,"column":12},"end":{"line":54,"column":55}}],"line":53},"1":{"loc":{"start":{"line":76,"column":24},"end":{"line":76,"column":58}},"type":"cond-expr","locations":[{"start":{"line":76,"column":39},"end":{"line":76,"column":45}},{"start":{"line":76,"column":48},"end":{"line":76,"column":58}}],"line":76},"2":{"loc":{"start":{"line":87,"column":30},"end":{"line":87,"column":78}},"type":"cond-expr","locations":[{"start":{"line":87,"column":45},"end":{"line":87,"column":60}},{"start":{"line":87,"column":63},"end":{"line":87,"column":78}}],"line":87},"3":{"loc":{"start":{"line":89,"column":19},"end":{"line":97,"column":19}},"type":"cond-expr","locations":[{"start":{"line":90,"column":20},"end":{"line":92,"column":26}},{"start":{"line":94,"column":20},"end":{"line":96,"column":26}}],"line":89},"4":{"loc":{"start":{"line":113,"column":15},"end":{"line":113,"column":54}},"type":"cond-expr","locations":[{"start":{"line":113,"column":27},"end":{"line":113,"column":42}},{"start":{"line":113,"column":45},"end":{"line":113,"column":54}}],"line":113}},"s":{"0":1,"1":8,"2":8,"3":8,"4":8,"5":8,"6":1,"7":1,"8":1,"9":8,"10":2,"11":8,"12":1,"13":1},"f":{"0":8,"1":1,"2":2,"3":1,"4":1},"b":{"0":[8,0],"1":[1,7],"2":[1,7],"3":[1,7],"4":[0,8]},"_coverageSchema":"1a1c01bbd47fc00a2c39e90264f33305004495a9","hash":"3350e09d52b94b61f117a5ec2aeabc0d09fbd2b5"}
,"C:\\Users\\SoftwareDev\\Desktop\\github-repos\\kubic-iq\\src\\components\\MasteryDashboard\\MasteryDashboard.tsx": {"path":"C:\\Users\\SoftwareDev\\Desktop\\github-repos\\kubic-iq\\src\\components\\MasteryDashboard\\MasteryDashboard.tsx","statementMap":{"0":{"start":{"line":7,"column":32},"end":{"line":91,"column":1}},"1":{"start":{"line":8,"column":26},"end":{"line":12,"column":3}},"2":{"start":{"line":14,"column":20},"end":{"line":18,"column":3}},"3":{"start":{"line":20,"column":2},"end":{"line":90,"column":4}},"4":{"start":{"line":61,"column":18},"end":{"line":63,"column":27}},"5":{"start":{"line":77,"column":18},"end":{"line":82,"column":20}},"6":{"start":{"line":81,"column":35},"end":{"line":81,"column":76}}},"fnMap":{"0":{"name":"(anonymous_0)","decl":{"start":{"line":7,"column":32},"end":{"line":7,"column":33}},"loc":{"start":{"line":7,"column":38},"end":{"line":91,"column":1}},"line":7},"1":{"name":"(anonymous_1)","decl":{"start":{"line":60,"column":37},"end":{"line":60,"column":38}},"loc":{"start":{"line":61,"column":18},"end":{"line":63,"column":27}},"line":61},"2":{"name":"(anonymous_2)","decl":{"start":{"line":76,"column":31},"end":{"line":76,"column":32}},"loc":{"start":{"line":77,"column":18},"end":{"line":82,"column":20}},"line":77},"3":{"name":"(anonymous_3)","decl":{"start":{"line":81,"column":29},"end":{"line":81,"column":30}},"loc":{"start":{"line":81,"column":35},"end":{"line":81,"column":76}},"line":81}},"branchMap":{},"s":{"0":0,"1":0,"2":0,"3":0,"4":0,"5":0,"6":0},"f":{"0":0,"1":0,"2":0,"3":0},"b":{}}
,"C:\\Users\\SoftwareDev\\Desktop\\github-repos\\kubic-iq\\src\\components\\ProgressBar\\ProgressBar.tsx": {"path":"C:\\Users\\SoftwareDev\\Desktop\\github-repos\\kubic-iq\\src\\components\\ProgressBar\\ProgressBar.tsx","statementMap":{"0":{"start":{"line":10,"column":27},"end":{"line":38,"column":1}},"1":{"start":{"line":16,"column":21},"end":{"line":16,"column":44}},"2":{"start":{"line":18,"column":2},"end":{"line":37,"column":4}}},"fnMap":{"0":{"name":"(anonymous_0)","decl":{"start":{"line":10,"column":27},"end":{"line":10,"column":28}},"loc":{"start":{"line":15,"column":24},"end":{"line":38,"column":1}},"line":15}},"branchMap":{"0":{"loc":{"start":{"line":13,"column":2},"end":{"line":13,"column":13}},"type":"default-arg","locations":[{"start":{"line":13,"column":9},"end":{"line":13,"column":13}}],"line":13},"1":{"loc":{"start":{"line":14,"column":2},"end":{"line":14,"column":23}},"type":"default-arg","locations":[{"start":{"line":14,"column":19},"end":{"line":14,"column":23}}],"line":14},"2":{"loc":{"start":{"line":20,"column":7},"end":{"line":20,"column":59}},"type":"binary-expr","locations":[{"start":{"line":20,"column":7},"end":{"line":20,"column":12}},{"start":{"line":20,"column":16},"end":{"line":20,"column":59}}],"line":20},"3":{"loc":{"start":{"line":33,"column":7},"end":{"line":35,"column":7}},"type":"binary-expr","locations":[{"start":{"line":33,"column":7},"end":{"line":33,"column":21}},{"start":{"line":34,"column":8},"end":{"line":34,"column":62}}],"line":33}},"s":{"0":0,"1":0,"2":0},"f":{"0":0},"b":{"0":[0],"1":[0],"2":[0,0],"3":[0,0]}}
,"C:\\Users\\SoftwareDev\\Desktop\\github-repos\\kubic-iq\\src\\components\\Question\\Question.tsx": {"path":"C:\\Users\\SoftwareDev\\Desktop\\github-repos\\kubic-iq\\src\\components\\Question\\Question.tsx","statementMap":{"0":{"start":{"line":26,"column":24},"end":{"line":75,"column":1}},"1":{"start":{"line":31,"column":46},"end":{"line":31,"column":75}},"2":{"start":{"line":32,"column":48},"end":{"line":32,"column":63}},"3":{"start":{"line":34,"column":28},"end":{"line":40,"column":3}},"4":{"start":{"line":35,"column":4},"end":{"line":35,"column":44}},"5":{"start":{"line":35,"column":37},"end":{"line":35,"column":44}},"6":{"start":{"line":37,"column":4},"end":{"line":37,"column":32}},"7":{"start":{"line":38,"column":4},"end":{"line":38,"column":29}},"8":{"start":{"line":39,"column":4},"end":{"line":39,"column":23}},"9":{"start":{"line":42,"column":2},"end":{"line":44,"column":3}},"10":{"start":{"line":43,"column":4},"end":{"line":43,"column":66}},"11":{"start":{"line":46,"column":2},"end":{"line":74,"column":4}},"12":{"start":{"line":54,"column":10},"end":{"line":64,"column":19}},"13":{"start":{"line":56,"column":27},"end":{"line":56,"column":55}}},"fnMap":{"0":{"name":"(anonymous_0)","decl":{"start":{"line":26,"column":24},"end":{"line":26,"column":25}},"loc":{"start":{"line":30,"column":21},"end":{"line":75,"column":1}},"line":30},"1":{"name":"(anonymous_1)","decl":{"start":{"line":34,"column":28},"end":{"line":34,"column":29}},"loc":{"start":{"line":34,"column":50},"end":{"line":40,"column":3}},"line":34},"2":{"name":"(anonymous_2)","decl":{"start":{"line":53,"column":30},"end":{"line":53,"column":31}},"loc":{"start":{"line":54,"column":10},"end":{"line":64,"column":19}},"line":54},"3":{"name":"(anonymous_3)","decl":{"start":{"line":56,"column":21},"end":{"line":56,"column":22}},"loc":{"start":{"line":56,"column":27},"end":{"line":56,"column":55}},"line":56}},"branchMap":{"0":{"loc":{"start":{"line":29,"column":2},"end":{"line":29,"column":19}},"type":"default-arg","locations":[{"start":{"line":29,"column":14},"end":{"line":29,"column":19}}],"line":29},"1":{"loc":{"start":{"line":35,"column":4},"end":{"line":35,"column":44}},"type":"if","locations":[{"start":{"line":35,"column":4},"end":{"line":35,"column":44}},{"start":{},"end":{}}],"line":35},"2":{"loc":{"start":{"line":35,"column":8},"end":{"line":35,"column":35}},"type":"binary-expr","locations":[{"start":{"line":35,"column":8},"end":{"line":35,"column":22}},{"start":{"line":35,"column":26},"end":{"line":35,"column":35}}],"line":35},"3":{"loc":{"start":{"line":42,"column":2},"end":{"line":44,"column":3}},"type":"if","locations":[{"start":{"line":42,"column":2},"end":{"line":44,"column":3}},{"start":{},"end":{}}],"line":42},"4":{"loc":{"start":{"line":60,"column":32},"end":{"line":60,"column":86}},"type":"binary-expr","locations":[{"start":{"line":60,"column":32},"end":{"line":60,"column":46}},{"start":{"line":60,"column":50},"end":{"line":60,"column":86}}],"line":60},"5":{"loc":{"start":{"line":68,"column":7},"end":{"line":72,"column":7}},"type":"binary-expr","locations":[{"start":{"line":68,"column":7},"end":{"line":68,"column":22}},{"start":{"line":69,"column":8},"end":{"line":71,"column":14}}],"line":68}},"s":{"0":1,"1":7,"2":7,"3":7,"4":2,"5":0,"6":2,"7":2,"8":2,"9":7,"10":1,"11":6,"12":24,"13":2},"f":{"0":7,"1":2,"2":24,"3":2},"b":{"0":[0],"1":[0,2],"2":[2,2],"3":[1,6],"4":[24,8],"5":[6,2]},"_coverageSchema":"1a1c01bbd47fc00a2c39e90264f33305004495a9","hash":"9b60f687a10bd791f2e04767727ebf53c48a1bb6"}
,"C:\\Users\\SoftwareDev\\Desktop\\github-repos\\kubic-iq\\src\\components\\ResourceCard\\ResourceCard.tsx": {"path":"C:\\Users\\SoftwareDev\\Desktop\\github-repos\\kubic-iq\\src\\components\\ResourceCard\\ResourceCard.tsx","statementMap":{"0":{"start":{"line":9,"column":28},"end":{"line":43,"column":1}},"1":{"start":{"line":10,"column":18},"end":{"line":33,"column":3}},"2":{"start":{"line":11,"column":4},"end":{"line":32,"column":5}},"3":{"start":{"line":13,"column":8},"end":{"line":17,"column":10}},"4":{"start":{"line":19,"column":8},"end":{"line":23,"column":10}},"5":{"start":{"line":25,"column":8},"end":{"line":29,"column":10}},"6":{"start":{"line":31,"column":8},"end":{"line":31,"column":20}},"7":{"start":{"line":35,"column":2},"end":{"line":42,"column":4}}},"fnMap":{"0":{"name":"(anonymous_0)","decl":{"start":{"line":9,"column":28},"end":{"line":9,"column":29}},"loc":{"start":{"line":9,"column":77},"end":{"line":43,"column":1}},"line":9},"1":{"name":"(anonymous_1)","decl":{"start":{"line":10,"column":18},"end":{"line":10,"column":19}},"loc":{"start":{"line":10,"column":24},"end":{"line":33,"column":3}},"line":10}},"branchMap":{"0":{"loc":{"start":{"line":11,"column":4},"end":{"line":32,"column":5}},"type":"switch","locations":[{"start":{"line":12,"column":6},"end":{"line":17,"column":10}},{"start":{"line":18,"column":6},"end":{"line":23,"column":10}},{"start":{"line":24,"column":6},"end":{"line":29,"column":10}},{"start":{"line":30,"column":6},"end":{"line":31,"column":20}}],"line":11}},"s":{"0":0,"1":0,"2":0,"3":0,"4":0,"5":0,"6":0,"7":0},"f":{"0":0,"1":0},"b":{"0":[0,0,0,0]}}
,"C:\\Users\\SoftwareDev\\Desktop\\github-repos\\kubic-iq\\src\\components\\TabIcons\\TabIcons.tsx": {"path":"C:\\Users\\SoftwareDev\\Desktop\\github-repos\\kubic-iq\\src\\components\\TabIcons\\TabIcons.tsx","statementMap":{"0":{"start":{"line":3,"column":24},"end":{"line":23,"column":1}},"1":{"start":{"line":4,"column":2},"end":{"line":22,"column":4}}},"fnMap":{"0":{"name":"(anonymous_0)","decl":{"start":{"line":3,"column":24},"end":{"line":3,"column":25}},"loc":{"start":{"line":3,"column":30},"end":{"line":23,"column":1}},"line":3}},"branchMap":{},"s":{"0":0,"1":0},"f":{"0":0},"b":{}}
,"C:\\Users\\SoftwareDev\\Desktop\\github-repos\\kubic-iq\\src\\contexts\\AuthContext.tsx": {"path":"C:\\Users\\SoftwareDev\\Desktop\\github-repos\\kubic-iq\\src\\contexts\\AuthContext.tsx","statementMap":{"0":{"start":{"line":18,"column":20},"end":{"line":18,"column":73}},"1":{"start":{"line":24,"column":28},"end":{"line":88,"column":1}},"2":{"start":{"line":25,"column":26},"end":{"line":25,"column":53}},"3":{"start":{"line":26,"column":36},"end":{"line":26,"column":50}},"4":{"start":{"line":27,"column":28},"end":{"line":27,"column":57}},"5":{"start":{"line":29,"column":2},"end":{"line":46,"column":9}},"6":{"start":{"line":31,"column":22},"end":{"line":43,"column":5}},"7":{"start":{"line":32,"column":6},"end":{"line":42,"column":7}},"8":{"start":{"line":33,"column":25},"end":{"line":33,"column":57}},"9":{"start":{"line":34,"column":8},"end":{"line":37,"column":9}},"10":{"start":{"line":35,"column":27},"end":{"line":35,"column":48}},"11":{"start":{"line":36,"column":10},"end":{"line":36,"column":28}},"12":{"start":{"line":39,"column":8},"end":{"line":39,"column":49}},"13":{"start":{"line":41,"column":8},"end":{"line":41,"column":28}},"14":{"start":{"line":45,"column":4},"end":{"line":45,"column":16}},"15":{"start":{"line":48,"column":16},"end":{"line":71,"column":3}},"16":{"start":{"line":49,"column":4},"end":{"line":49,"column":19}},"17":{"start":{"line":50,"column":4},"end":{"line":50,"column":23}},"18":{"start":{"line":52,"column":4},"end":{"line":70,"column":5}},"19":{"start":{"line":53,"column":23},"end":{"line":57,"column":8}},"20":{"start":{"line":59,"column":6},"end":{"line":61,"column":7}},"21":{"start":{"line":60,"column":8},"end":{"line":60,"column":47}},"22":{"start":{"line":63,"column":23},"end":{"line":63,"column":44}},"23":{"start":{"line":64,"column":6},"end":{"line":64,"column":24}},"24":{"start":{"line":66,"column":6},"end":{"line":66,"column":68}},"25":{"start":{"line":67,"column":6},"end":{"line":67,"column":16}},"26":{"start":{"line":69,"column":6},"end":{"line":69,"column":26}},"27":{"start":{"line":73,"column":17},"end":{"line":81,"column":3}},"28":{"start":{"line":74,"column":4},"end":{"line":80,"column":5}},"29":{"start":{"line":75,"column":6},"end":{"line":75,"column":58}},"30":{"start":{"line":77,"column":6},"end":{"line":77,"column":43}},"31":{"start":{"line":79,"column":6},"end":{"line":79,"column":20}},"32":{"start":{"line":83,"column":2},"end":{"line":87,"column":4}},"33":{"start":{"line":90,"column":23},"end":{"line":96,"column":1}},"34":{"start":{"line":91,"column":18},"end":{"line":91,"column":41}},"35":{"start":{"line":92,"column":2},"end":{"line":94,"column":3}},"36":{"start":{"line":93,"column":4},"end":{"line":93,"column":67}},"37":{"start":{"line":95,"column":2},"end":{"line":95,"column":17}}},"fnMap":{"0":{"name":"(anonymous_0)","decl":{"start":{"line":24,"column":28},"end":{"line":24,"column":29}},"loc":{"start":{"line":24,"column":65},"end":{"line":88,"column":1}},"line":24},"1":{"name":"(anonymous_1)","decl":{"start":{"line":29,"column":12},"end":{"line":29,"column":13}},"loc":{"start":{"line":29,"column":18},"end":{"line":46,"column":3}},"line":29},"2":{"name":"(anonymous_2)","decl":{"start":{"line":31,"column":22},"end":{"line":31,"column":23}},"loc":{"start":{"line":31,"column":34},"end":{"line":43,"column":5}},"line":31},"3":{"name":"(anonymous_3)","decl":{"start":{"line":48,"column":16},"end":{"line":48,"column":17}},"loc":{"start":{"line":48,"column":59},"end":{"line":71,"column":3}},"line":48},"4":{"name":"(anonymous_4)","decl":{"start":{"line":73,"column":17},"end":{"line":73,"column":18}},"loc":{"start":{"line":73,"column":29},"end":{"line":81,"column":3}},"line":73},"5":{"name":"(anonymous_5)","decl":{"start":{"line":90,"column":23},"end":{"line":90,"column":24}},"loc":{"start":{"line":90,"column":29},"end":{"line":96,"column":1}},"line":90}},"branchMap":{"0":{"loc":{"start":{"line":34,"column":8},"end":{"line":37,"column":9}},"type":"if","locations":[{"start":{"line":34,"column":8},"end":{"line":37,"column":9}},{"start":{},"end":{}}],"line":34},"1":{"loc":{"start":{"line":59,"column":6},"end":{"line":61,"column":7}},"type":"if","locations":[{"start":{"line":59,"column":6},"end":{"line":61,"column":7}},{"start":{},"end":{}}],"line":59},"2":{"loc":{"start":{"line":66,"column":15},"end":{"line":66,"column":66}},"type":"cond-expr","locations":[{"start":{"line":66,"column":38},"end":{"line":66,"column":49}},{"start":{"line":66,"column":52},"end":{"line":66,"column":66}}],"line":66},"3":{"loc":{"start":{"line":92,"column":2},"end":{"line":94,"column":3}},"type":"if","locations":[{"start":{"line":92,"column":2},"end":{"line":94,"column":3}},{"start":{},"end":{}}],"line":92}},"s":{"0":1,"1":1,"2":4,"3":4,"4":4,"5":4,"6":4,"7":4,"8":4,"9":0,"10":0,"11":0,"12":0,"13":0,"14":4,"15":4,"16":0,"17":0,"18":0,"19":0,"20":0,"21":0,"22":0,"23":0,"24":0,"25":0,"26":0,"27":4,"28":0,"29":0,"30":0,"31":0,"32":4,"33":1,"34":0,"35":0,"36":0,"37":0},"f":{"0":4,"1":4,"2":4,"3":0,"4":0,"5":0},"b":{"0":[0,0],"1":[0,0],"2":[0,0],"3":[0,0]},"_coverageSchema":"1a1c01bbd47fc00a2c39e90264f33305004495a9","hash":"855b4fe8a44d98cbfd78e81d42b763b103bb0583"}
}
