TN:
SF:src\App.tsx
FN:9,(anonymous_0)
FN:48,(anonymous_1)
FNF:2
FNH:0
FNDA:0,(anonymous_0)
FNDA:0,(anonymous_1)
DA:9,0
DA:10,0
DA:12,0
DA:13,0
DA:16,0
DA:48,0
DA:49,0
LF:7
LH:0
BRDA:12,0,0,0
BRDA:12,0,1,0
BRDA:22,1,0,0
BRDA:22,1,1,0
BRDA:32,2,0,0
BRDA:32,2,1,0
BRDA:41,3,0,0
BRDA:41,3,1,0
BRF:8
BRH:0
end_of_record
TN:
SF:src\setupTests.ts
FN:14,(anonymous_0)
FN:16,(anonymous_1)
FN:17,(anonymous_2)
FN:18,(anonymous_3)
FN:19,(anonymous_4)
FN:27,(anonymous_5)
FNF:6
FNH:0
FNDA:0,(anonymous_0)
FNDA:0,(anonymous_1)
FNDA:0,(anonymous_2)
FNDA:0,(anonymous_3)
FNDA:0,(anonymous_4)
FNDA:0,(anonymous_5)
DA:6,0
DA:9,0
DA:10,0
DA:11,0
DA:12,0
DA:20,0
DA:25,0
DA:27,0
LF:8
LH:0
BRF:0
BRH:0
end_of_record
TN:
SF:src\components\Badge\Badge.tsx
FN:8,(anonymous_0)
FNF:1
FNH:0
FNDA:0,(anonymous_0)
DA:8,0
DA:9,0
LF:2
LH:0
BRDA:8,0,0,0
BRDA:10,1,0,0
BRDA:10,1,1,0
BRDA:11,2,0,0
BRDA:11,2,1,0
BRF:5
BRH:0
end_of_record
TN:
SF:src\components\CloudDivider\CloudDivider.tsx
FN:3,(anonymous_0)
FNF:1
FNH:0
FNDA:0,(anonymous_0)
DA:3,0
DA:4,0
LF:2
LH:0
BRF:0
BRH:0
end_of_record
TN:
SF:src\components\Dashboard\Dashboard.tsx
FN:6,(anonymous_0)
FN:10,(anonymous_1)
FN:12,(anonymous_2)
FN:15,(anonymous_3)
FNF:4
FNH:0
FNDA:0,(anonymous_0)
FNDA:0,(anonymous_1)
FNDA:0,(anonymous_2)
FNDA:0,(anonymous_3)
DA:6,0
DA:7,0
DA:8,0
DA:10,0
DA:12,0
DA:13,0
DA:15,0
DA:18,0
DA:20,0
LF:9
LH:0
BRDA:13,0,0,0
BRDA:13,0,1,0
BRDA:18,1,0,0
BRDA:18,1,1,0
BRF:4
BRH:0
end_of_record
TN:
SF:src\components\ErrorBoundary\ErrorBoundary.tsx
FN:15,(anonymous_0)
FN:20,(anonymous_1)
FN:24,(anonymous_2)
FN:29,(anonymous_3)
FN:36,(anonymous_4)
FNF:5
FNH:5
FNDA:8,(anonymous_0)
FNDA:8,(anonymous_1)
FNDA:4,(anonymous_2)
FNDA:17,(anonymous_3)
FNDA:1,(anonymous_4)
DA:16,8
DA:17,7
DA:21,8
DA:26,4
DA:30,17
DA:31,8
DA:36,1
DA:45,9
LF:8
LH:8
BRDA:30,0,0,8
BRDA:30,0,1,9
BRDA:31,1,0,8
BRDA:31,1,1,6
BRF:4
BRH:4
end_of_record
TN:
SF:src\components\HexagonScore\HexagonScore.tsx
FN:10,(anonymous_0)
FNF:1
FNH:0
FNDA:0,(anonymous_0)
DA:10,0
DA:11,0
LF:2
LH:0
BRDA:10,0,0,0
BRDA:10,1,0,0
BRDA:10,2,0,0
BRDA:15,3,0,0
BRDA:15,3,1,0
BRDA:28,4,0,0
BRDA:28,4,1,0
BRF:7
BRH:0
end_of_record
TN:
SF:src\components\Loading\Loading.tsx
FN:7,(anonymous_0)
FNF:1
FNH:1
FNDA:3,(anonymous_0)
DA:7,2
DA:8,3
LF:2
LH:2
BRDA:7,0,0,2
BRF:1
BRH:1
end_of_record
TN:
SF:src\components\LoginForm\LoginForm.tsx
FN:5,(anonymous_0)
FN:11,(anonymous_1)
FN:20,(anonymous_2)
FN:64,(anonymous_3)
FN:78,(anonymous_4)
FNF:5
FNH:5
FNDA:8,(anonymous_0)
FNDA:1,(anonymous_1)
FNDA:2,(anonymous_2)
FNDA:1,(anonymous_3)
FNDA:1,(anonymous_4)
DA:5,1
DA:6,8
DA:7,8
DA:8,8
DA:9,8
DA:11,8
DA:12,1
DA:13,1
DA:14,1
DA:20,8
DA:21,2
DA:23,8
DA:64,1
DA:78,1
LF:14
LH:14
BRDA:53,0,0,8
BRDA:53,0,1,0
BRDA:76,1,0,1
BRDA:76,1,1,7
BRDA:87,2,0,1
BRDA:87,2,1,7
BRDA:89,3,0,1
BRDA:89,3,1,7
BRDA:113,4,0,0
BRDA:113,4,1,8
BRF:10
BRH:8
end_of_record
TN:
SF:src\components\MasteryDashboard\MasteryDashboard.tsx
FN:7,(anonymous_0)
FN:60,(anonymous_1)
FN:76,(anonymous_2)
FN:81,(anonymous_3)
FNF:4
FNH:0
FNDA:0,(anonymous_0)
FNDA:0,(anonymous_1)
FNDA:0,(anonymous_2)
FNDA:0,(anonymous_3)
DA:7,0
DA:8,0
DA:14,0
DA:20,0
DA:61,0
DA:77,0
DA:81,0
LF:7
LH:0
BRF:0
BRH:0
end_of_record
TN:
SF:src\components\ProgressBar\ProgressBar.tsx
FN:10,(anonymous_0)
FNF:1
FNH:0
FNDA:0,(anonymous_0)
DA:10,0
DA:16,0
DA:18,0
LF:3
LH:0
BRDA:13,0,0,0
BRDA:14,1,0,0
BRDA:20,2,0,0
BRDA:20,2,1,0
BRDA:33,3,0,0
BRDA:33,3,1,0
BRF:6
BRH:0
end_of_record
TN:
SF:src\components\Question\Question.tsx
FN:26,(anonymous_0)
FN:34,(anonymous_1)
FN:53,(anonymous_2)
FN:56,(anonymous_3)
FNF:4
FNH:4
FNDA:7,(anonymous_0)
FNDA:2,(anonymous_1)
FNDA:24,(anonymous_2)
FNDA:2,(anonymous_3)
DA:26,1
DA:31,7
DA:32,7
DA:34,7
DA:35,2
DA:37,2
DA:38,2
DA:39,2
DA:42,7
DA:43,1
DA:46,6
DA:54,24
DA:56,2
LF:13
LH:13
BRDA:29,0,0,0
BRDA:35,1,0,0
BRDA:35,1,1,2
BRDA:35,2,0,2
BRDA:35,2,1,2
BRDA:42,3,0,1
BRDA:42,3,1,6
BRDA:60,4,0,24
BRDA:60,4,1,8
BRDA:68,5,0,6
BRDA:68,5,1,2
BRF:11
BRH:9
end_of_record
TN:
SF:src\components\ResourceCard\ResourceCard.tsx
FN:9,(anonymous_0)
FN:10,(anonymous_1)
FNF:2
FNH:0
FNDA:0,(anonymous_0)
FNDA:0,(anonymous_1)
DA:9,0
DA:10,0
DA:11,0
DA:13,0
DA:19,0
DA:25,0
DA:31,0
DA:35,0
LF:8
LH:0
BRDA:11,0,0,0
BRDA:11,0,1,0
BRDA:11,0,2,0
BRDA:11,0,3,0
BRF:4
BRH:0
end_of_record
TN:
SF:src\components\TabIcons\TabIcons.tsx
FN:3,(anonymous_0)
FNF:1
FNH:0
FNDA:0,(anonymous_0)
DA:3,0
DA:4,0
LF:2
LH:0
BRF:0
BRH:0
end_of_record
TN:
SF:src\contexts\AuthContext.tsx
FN:24,(anonymous_0)
FN:29,(anonymous_1)
FN:31,(anonymous_2)
FN:48,(anonymous_3)
FN:73,(anonymous_4)
FN:90,(anonymous_5)
FNF:6
FNH:3
FNDA:4,(anonymous_0)
FNDA:4,(anonymous_1)
FNDA:4,(anonymous_2)
FNDA:0,(anonymous_3)
FNDA:0,(anonymous_4)
FNDA:0,(anonymous_5)
DA:18,1
DA:24,1
DA:25,4
DA:26,4
DA:27,4
DA:29,4
DA:31,4
DA:32,4
DA:33,4
DA:34,0
DA:35,0
DA:36,0
DA:39,0
DA:41,0
DA:45,4
DA:48,4
DA:49,0
DA:50,0
DA:52,0
DA:53,0
DA:59,0
DA:60,0
DA:63,0
DA:64,0
DA:66,0
DA:67,0
DA:69,0
DA:73,4
DA:74,0
DA:75,0
DA:77,0
DA:79,0
DA:83,4
DA:90,1
DA:91,0
DA:92,0
DA:93,0
DA:95,0
LF:38
LH:14
BRDA:34,0,0,0
BRDA:34,0,1,0
BRDA:59,1,0,0
BRDA:59,1,1,0
BRDA:66,2,0,0
BRDA:66,2,1,0
BRDA:92,3,0,0
BRDA:92,3,1,0
BRF:8
BRH:0
end_of_record
